# JRE version: OpenJDK Runtime Environment Temurin-17.0.5+8 (17.0.5+8) (build 17.0.5+8)
# Java VM: OpenJDK 64-Bit Server VM Temurin-17.0.5+8 (17.0.5+8, mixed mode, emulated-client, tiered, compressed oops, compressed class ptrs, g1 gc, windows-amd64)
GC Precious Log:
 CPUs: 12 total, 12 available
 Memory: 7503M
 Large Page Support: Disabled
 NUMA Support: Disabled
 Compressed Oops: Enabled (32-bit)
 Heap Region Size: 1M
 Heap Min Capacity: 8M
 Heap Initial Capacity: 118M
 Heap Max Capacity: 1876M
 Pre-touch: Disabled
 Parallel Workers: 10
 Concurrent Workers: 3
 Concurrent Refinement Workers: 10
 Periodic GC: Disabled
Heap:
 garbage-first heap   total 319488K, used 101976K [0x000000008ac00000, 0x0000000100000000)
  region size 1024K, 15 young (15360K), 15 survivors (15360K)
 Metaspace       used 39363K, committed 39744K, reserved 1089536K
  class space    used 4977K, committed 5184K, reserved 1048576K
GC Heap History (20 events):
Event: 8.885 GC heap after
{Heap after GC invocations=17 (full 0):
 garbage-first heap   total 86016K, used 50047K [0x000000008ac00000, 0x0000000100000000)
  region size 1024K, 2 young (2048K), 2 survivors (2048K)
 Metaspace       used 37948K, committed 38272K, reserved 1089536K
  class space    used 4797K, committed 4928K, reserved 1048576K
}
Event: 8.909 GC heap before
{Heap before GC invocations=17 (full 0):
 garbage-first heap   total 86016K, used 52095K [0x000000008ac00000, 0x0000000100000000)
  region size 1024K, 4 young (4096K), 2 survivors (2048K)
 Metaspace       used 38011K, committed 38272K, reserved 1089536K
  class space    used 4803K, committed 4928K, reserved 1048576K
}
Event: 8.914 GC heap after
{Heap after GC invocations=18 (full 0):
 garbage-first heap   total 158720K, used 50776K [0x000000008ac00000, 0x0000000100000000)
  region size 1024K, 1 young (1024K), 1 survivors (1024K)
 Metaspace       used 38011K, committed 38272K, reserved 1089536K
  class space    used 4803K, committed 4928K, reserved 1048576K
}
Event: 9.268 GC heap before
{Heap before GC invocations=18 (full 0):
 garbage-first heap   total 158720K, used 109144K [0x000000008ac00000, 0x0000000100000000)
  region size 1024K, 55 young (56320K), 1 survivors (1024K)
 Metaspace       used 38304K, committed 38656K, reserved 1089536K
  class space    used 4836K, committed 4992K, reserved 1048576K
}
Event: 9.337 GC heap after
{Heap after GC invocations=19 (full 0):
 garbage-first heap   total 158720K, used 70389K [0x000000008ac00000, 0x0000000100000000)
  region size 1024K, 7 young (7168K), 7 survivors (7168K)
 Metaspace       used 38304K, committed 38656K, reserved 1089536K
  class space    used 4836K, committed 4992K, reserved 1048576K
}
Event: 9.398 GC heap before
{Heap before GC invocations=19 (full 0):
 garbage-first heap   total 158720K, used 105205K [0x000000008ac00000, 0x0000000100000000)
  region size 1024K, 42 young (43008K), 7 survivors (7168K)
 Metaspace       used 38367K, committed 38720K, reserved 1089536K
  class space    used 4845K, committed 4992K, reserved 1048576K
}
Event: 9.406 GC heap after
{Heap after GC invocations=20 (full 0):
 garbage-first heap   total 158720K, used 73153K [0x000000008ac00000, 0x0000000100000000)
  region size 1024K, 3 young (3072K), 3 survivors (3072K)
 Metaspace       used 38367K, committed 38720K, reserved 1089536K
  class space    used 4845K, committed 4992K, reserved 1048576K
}
Event: 9.462 GC heap before
{Heap before GC invocations=20 (full 0):
 garbage-first heap   total 158720K, used 110017K [0x000000008ac00000, 0x0000000100000000)
  region size 1024K, 40 young (40960K), 3 survivors (3072K)
 Metaspace       used 38415K, committed 38784K, reserved 1089536K
  class space    used 4849K, committed 4992K, reserved 1048576K
}
Event: 9.466 GC heap after
{Heap after GC invocations=21 (full 0):
 garbage-first heap   total 158720K, used 74118K [0x000000008ac00000, 0x0000000100000000)
  region size 1024K, 4 young (4096K), 4 survivors (4096K)
 Metaspace       used 38415K, committed 38784K, reserved 1089536K
  class space    used 4849K, committed 4992K, reserved 1048576K
}
Event: 9.491 GC heap before
{Heap before GC invocations=21 (full 0):
 garbage-first heap   total 158720K, used 115078K [0x000000008ac00000, 0x0000000100000000)
  region size 1024K, 45 young (46080K), 4 survivors (4096K)
 Metaspace       used 38415K, committed 38784K, reserved 1089536K
  class space    used 4849K, committed 4992K, reserved 1048576K
}
Event: 9.498 GC heap after
{Heap after GC invocations=22 (full 0):
 garbage-first heap   total 319488K, used 76126K [0x000000008ac00000, 0x0000000100000000)
  region size 1024K, 6 young (6144K), 6 survivors (6144K)
 Metaspace       used 38415K, committed 38784K, reserved 1089536K
  class space    used 4849K, committed 4992K, reserved 1048576K
}
Event: 10.289 GC heap before
{Heap before GC invocations=23 (full 0):
 garbage-first heap   total 319488K, used 239966K [0x000000008ac00000, 0x0000000100000000)
  region size 1024K, 167 young (171008K), 6 survivors (6144K)
 Metaspace       used 38462K, committed 38784K, reserved 1089536K
  class space    used 4857K, committed 4992K, reserved 1048576K
}
Event: 10.309 GC heap after
{Heap after GC invocations=24 (full 0):
 garbage-first heap   total 319488K, used 82551K [0x000000008ac00000, 0x0000000100000000)
  region size 1024K, 12 young (12288K), 12 survivors (12288K)
 Metaspace       used 38462K, committed 38784K, reserved 1089536K
  class space    used 4857K, committed 4992K, reserved 1048576K
}
Event: 10.312 GC heap before
{Heap before GC invocations=24 (full 0):
 garbage-first heap   total 319488K, used 84599K [0x000000008ac00000, 0x0000000100000000)
  region size 1024K, 15 young (15360K), 12 survivors (12288K)
 Metaspace       used 38462K, committed 38784K, reserved 1089536K
  class space    used 4857K, committed 4992K, reserved 1048576K
}
Event: 10.321 GC heap after
{Heap after GC invocations=25 (full 0):
 garbage-first heap   total 319488K, used 82372K [0x000000008ac00000, 0x0000000100000000)
  region size 1024K, 2 young (2048K), 2 survivors (2048K)
 Metaspace       used 38462K, committed 38784K, reserved 1089536K
  class space    used 4857K, committed 4992K, reserved 1048576K
}
Event: 10.555 GC heap before
{Heap before GC invocations=25 (full 0):
 garbage-first heap   total 319488K, used 243140K [0x000000008ac00000, 0x0000000100000000)
  region size 1024K, 160 young (163840K), 2 survivors (2048K)
 Metaspace       used 38686K, committed 39104K, reserved 1089536K
  class space    used 4900K, committed 5120K, reserved 1048576K
}
Event: 10.573 GC heap after
{Heap after GC invocations=26 (full 0):
 garbage-first heap   total 319488K, used 87628K [0x000000008ac00000, 0x0000000100000000)
  region size 1024K, 7 young (7168K), 7 survivors (7168K)
 Metaspace       used 38686K, committed 39104K, reserved 1089536K
  class space    used 4900K, committed 5120K, reserved 1048576K
}
Event: 10.743 GC heap before
{Heap before GC invocations=26 (full 0):
 garbage-first heap   total 319488K, used 249420K [0x000000008ac00000, 0x0000000100000000)
  region size 1024K, 166 young (169984K), 7 survivors (7168K)
 Metaspace       used 38931K, committed 39296K, reserved 1089536K
  class space    used 4927K, committed 5120K, reserved 1048576K
}
Event: 10.762 GC heap after
{Heap after GC invocations=27 (full 0):
 garbage-first heap   total 319488K, used 94811K [0x000000008ac00000, 0x0000000100000000)
  region size 1024K, 14 young (14336K), 14 survivors (14336K)
 Metaspace       used 38931K, committed 39296K, reserved 1089536K
  class space    used 4927K, committed 5120K, reserved 1048576K
}
Event: 10.932 GC heap before
{Heap before GC invocations=27 (full 0):
 garbage-first heap   total 319488K, used 254555K [0x000000008ac00000, 0x0000000100000000)
  region size 1024K, 171 young (175104K), 14 survivors (14336K)
 Metaspace       used 39363K, committed 39744K, reserved 1089536K
  class space    used 4977K, committed 5184K, reserved 1048576K
}

