# JRE version: OpenJDK Runtime Environment Temurin-17.0.5+8 (17.0.5+8) (build 17.0.5+8)
# Java VM: OpenJDK 64-Bit Server VM Temurin-17.0.5+8 (17.0.5+8, mixed mode, emulated-client, tiered, compressed oops, compressed class ptrs, g1 gc, windows-amd64)
GC Precious Log:
 CPUs: 12 total, 12 available
 Memory: 7503M
 Large Page Support: Disabled
 NUMA Support: Disabled
 Compressed Oops: Enabled (32-bit)
 Heap Region Size: 1M
 Heap Min Capacity: 8M
 Heap Initial Capacity: 118M
 Heap Max Capacity: 1876M
 Pre-touch: Disabled
 Parallel Workers: 10
 Concurrent Workers: 3
 Concurrent Refinement Workers: 10
 Periodic GC: Disabled
Heap:
 garbage-first heap   total 61440K, used 30852K [0x000000008ac00000, 0x0000000100000000)
  region size 1024K, 3 young (3072K), 3 survivors (3072K)
 Metaspace       used 36489K, committed 36800K, reserved 1081344K
  class space    used 4692K, committed 4800K, reserved 1048576K
GC Heap History (20 events):
Event: 1.843 GC heap after
{Heap after GC invocations=1 (full 0):
 garbage-first heap   total 120832K, used 8552K [0x000000008ac00000, 0x0000000100000000)
  region size 1024K, 3 young (3072K), 3 survivors (3072K)
 Metaspace       used 10024K, committed 10112K, reserved 1064960K
  class space    used 1126K, committed 1152K, reserved 1048576K
}
Event: 3.216 GC heap before
{Heap before GC invocations=1 (full 0):
 garbage-first heap   total 120832K, used 31080K [0x000000008ac00000, 0x0000000100000000)
  region size 1024K, 26 young (26624K), 3 survivors (3072K)
 Metaspace       used 16897K, committed 17088K, reserved 1064960K
  class space    used 2064K, committed 2176K, reserved 1048576K
}
Event: 3.230 GC heap after
{Heap after GC invocations=2 (full 0):
 garbage-first heap   total 120832K, used 11071K [0x000000008ac00000, 0x0000000100000000)
  region size 1024K, 3 young (3072K), 3 survivors (3072K)
 Metaspace       used 16897K, committed 17088K, reserved 1064960K
  class space    used 2064K, committed 2176K, reserved 1048576K
}
Event: 3.684 GC heap before
{Heap before GC invocations=2 (full 0):
 garbage-first heap   total 120832K, used 29503K [0x000000008ac00000, 0x0000000100000000)
  region size 1024K, 23 young (23552K), 3 survivors (3072K)
 Metaspace       used 21345K, committed 21504K, reserved 1073152K
  class space    used 2596K, committed 2688K, reserved 1048576K
}
Event: 3.690 GC heap after
{Heap after GC invocations=3 (full 0):
 garbage-first heap   total 120832K, used 11884K [0x000000008ac00000, 0x0000000100000000)
  region size 1024K, 4 young (4096K), 4 survivors (4096K)
 Metaspace       used 21345K, committed 21504K, reserved 1073152K
  class space    used 2596K, committed 2688K, reserved 1048576K
}
Event: 4.497 GC heap before
{Heap before GC invocations=4 (full 0):
 garbage-first heap   total 51200K, used 36460K [0x000000008ac00000, 0x0000000100000000)
  region size 1024K, 29 young (29696K), 4 survivors (4096K)
 Metaspace       used 25176K, committed 25536K, reserved 1073152K
  class space    used 3089K, committed 3264K, reserved 1048576K
}
Event: 4.506 GC heap after
{Heap after GC invocations=5 (full 0):
 garbage-first heap   total 51200K, used 13191K [0x000000008ac00000, 0x0000000100000000)
  region size 1024K, 3 young (3072K), 3 survivors (3072K)
 Metaspace       used 25176K, committed 25536K, reserved 1073152K
  class space    used 3089K, committed 3264K, reserved 1048576K
}
Event: 4.556 GC heap before
{Heap before GC invocations=5 (full 0):
 garbage-first heap   total 51200K, used 14215K [0x000000008ac00000, 0x0000000100000000)
  region size 1024K, 4 young (4096K), 3 survivors (3072K)
 Metaspace       used 25427K, committed 25728K, reserved 1073152K
  class space    used 3115K, committed 3264K, reserved 1048576K
}
Event: 4.564 GC heap after
{Heap after GC invocations=6 (full 0):
 garbage-first heap   total 61440K, used 13493K [0x000000008ac00000, 0x0000000100000000)
  region size 1024K, 1 young (1024K), 1 survivors (1024K)
 Metaspace       used 25427K, committed 25728K, reserved 1073152K
  class space    used 3115K, committed 3264K, reserved 1048576K
}
Event: 6.052 GC heap before
{Heap before GC invocations=6 (full 0):
 garbage-first heap   total 61440K, used 40117K [0x000000008ac00000, 0x0000000100000000)
  region size 1024K, 28 young (28672K), 1 survivors (1024K)
 Metaspace       used 29925K, committed 30144K, reserved 1081344K
  class space    used 3744K, committed 3840K, reserved 1048576K
}
Event: 6.062 GC heap after
{Heap after GC invocations=7 (full 0):
 garbage-first heap   total 61440K, used 16072K [0x000000008ac00000, 0x0000000100000000)
  region size 1024K, 3 young (3072K), 3 survivors (3072K)
 Metaspace       used 29925K, committed 30144K, reserved 1081344K
  class space    used 3744K, committed 3840K, reserved 1048576K
}
Event: 7.121 GC heap before
{Heap before GC invocations=7 (full 0):
 garbage-first heap   total 61440K, used 41672K [0x000000008ac00000, 0x0000000100000000)
  region size 1024K, 28 young (28672K), 3 survivors (3072K)
 Metaspace       used 34705K, committed 35008K, reserved 1081344K
  class space    used 4458K, committed 4608K, reserved 1048576K
}
Event: 7.125 GC heap after
{Heap after GC invocations=8 (full 0):
 garbage-first heap   total 61440K, used 18202K [0x000000008ac00000, 0x0000000100000000)
  region size 1024K, 3 young (3072K), 3 survivors (3072K)
 Metaspace       used 34705K, committed 35008K, reserved 1081344K
  class space    used 4458K, committed 4608K, reserved 1048576K
}
Event: 7.316 GC heap before
{Heap before GC invocations=8 (full 0):
 garbage-first heap   total 61440K, used 41754K [0x000000008ac00000, 0x0000000100000000)
  region size 1024K, 27 young (27648K), 3 survivors (3072K)
 Metaspace       used 35678K, committed 36032K, reserved 1081344K
  class space    used 4622K, committed 4800K, reserved 1048576K
}
Event: 7.322 GC heap after
{Heap after GC invocations=9 (full 0):
 garbage-first heap   total 61440K, used 22663K [0x000000008ac00000, 0x0000000100000000)
  region size 1024K, 4 young (4096K), 4 survivors (4096K)
 Metaspace       used 35678K, committed 36032K, reserved 1081344K
  class space    used 4622K, committed 4800K, reserved 1048576K
}
Event: 7.342 GC heap before
{Heap before GC invocations=9 (full 0):
 garbage-first heap   total 61440K, used 26759K [0x000000008ac00000, 0x0000000100000000)
  region size 1024K, 9 young (9216K), 4 survivors (4096K)
 Metaspace       used 35753K, committed 36096K, reserved 1081344K
  class space    used 4630K, committed 4800K, reserved 1048576K
}
Event: 7.347 GC heap after
{Heap after GC invocations=10 (full 0):
 garbage-first heap   total 61440K, used 24093K [0x000000008ac00000, 0x0000000100000000)
  region size 1024K, 2 young (2048K), 2 survivors (2048K)
 Metaspace       used 35753K, committed 36096K, reserved 1081344K
  class space    used 4630K, committed 4800K, reserved 1048576K
}
Event: 7.420 GC heap before
{Heap before GC invocations=11 (full 0):
 garbage-first heap   total 61440K, used 42525K [0x000000008ac00000, 0x0000000100000000)
  region size 1024K, 21 young (21504K), 2 survivors (2048K)
 Metaspace       used 35914K, committed 36288K, reserved 1081344K
  class space    used 4647K, committed 4800K, reserved 1048576K
}
Event: 7.423 GC heap after
{Heap after GC invocations=12 (full 0):
 garbage-first heap   total 61440K, used 27719K [0x000000008ac00000, 0x0000000100000000)
  region size 1024K, 3 young (3072K), 3 survivors (3072K)
 Metaspace       used 35914K, committed 36288K, reserved 1081344K
  class space    used 4647K, committed 4800K, reserved 1048576K
}
Event: 7.525 GC heap before
{Heap before GC invocations=12 (full 0):
 garbage-first heap   total 61440K, used 44103K [0x000000008ac00000, 0x0000000100000000)
  region size 1024K, 20 young (20480K), 3 survivors (3072K)
 Metaspace       used 36489K, committed 36800K, reserved 1081344K
  class space    used 4692K, committed 4800K, reserved 1048576K
}

