# JRE version: OpenJDK Runtime Environment Temurin-17.0.5+8 (17.0.5+8) (build 17.0.5+8)
# Java VM: OpenJDK 64-Bit Server VM Temurin-17.0.5+8 (17.0.5+8, mixed mode, emulated-client, tiered, compressed oops, compressed class ptrs, g1 gc, windows-amd64)
GC Precious Log:
 CPUs: 12 total, 12 available
 Memory: 7503M
 Large Page Support: Disabled
 NUMA Support: Disabled
 Compressed Oops: Enabled (32-bit)
 Heap Region Size: 1M
 Heap Min Capacity: 8M
 Heap Initial Capacity: 118M
 Heap Max Capacity: 1876M
 Pre-touch: Disabled
 Parallel Workers: 10
 Concurrent Workers: 3
 Concurrent Refinement Workers: 10
 Periodic GC: Disabled
Heap:
 garbage-first heap   total 120832K, used 67761K [0x000000008ac00000, 0x0000000100000000)
  region size 1024K, 1 young (1024K), 1 survivors (1024K)
 Metaspace       used 38225K, committed 38528K, reserved 1089536K
  class space    used 4828K, committed 4928K, reserved 1048576K
GC Heap History (20 events):
Event: 9.230 GC heap after
{Heap after GC invocations=10 (full 0):
 garbage-first heap   total 51200K, used 25336K [0x000000008ac00000, 0x0000000100000000)
  region size 1024K, 3 young (3072K), 3 survivors (3072K)
 Metaspace       used 35715K, committed 36096K, reserved 1081344K
  class space    used 4629K, committed 4800K, reserved 1048576K
}
Event: 9.246 GC heap before
{Heap before GC invocations=10 (full 0):
 garbage-first heap   total 51200K, used 28408K [0x000000008ac00000, 0x0000000100000000)
  region size 1024K, 8 young (8192K), 3 survivors (3072K)
 Metaspace       used 35756K, committed 36096K, reserved 1081344K
  class space    used 4634K, committed 4800K, reserved 1048576K
}
Event: 9.252 GC heap after
{Heap after GC invocations=11 (full 0):
 garbage-first heap   total 62464K, used 26901K [0x000000008ac00000, 0x0000000100000000)
  region size 1024K, 2 young (2048K), 2 survivors (2048K)
 Metaspace       used 35756K, committed 36096K, reserved 1081344K
  class space    used 4634K, committed 4800K, reserved 1048576K
}
Event: 9.411 GC heap before
{Heap before GC invocations=12 (full 0):
 garbage-first heap   total 62464K, used 43285K [0x000000008ac00000, 0x0000000100000000)
  region size 1024K, 19 young (19456K), 2 survivors (2048K)
 Metaspace       used 36276K, committed 36608K, reserved 1081344K
  class space    used 4680K, committed 4800K, reserved 1048576K
}
Event: 9.421 GC heap after
{Heap after GC invocations=13 (full 0):
 garbage-first heap   total 62464K, used 29482K [0x000000008ac00000, 0x0000000100000000)
  region size 1024K, 3 young (3072K), 3 survivors (3072K)
 Metaspace       used 36276K, committed 36608K, reserved 1081344K
  class space    used 4680K, committed 4800K, reserved 1048576K
}
Event: 9.503 GC heap before
{Heap before GC invocations=13 (full 0):
 garbage-first heap   total 62464K, used 45866K [0x000000008ac00000, 0x0000000100000000)
  region size 1024K, 19 young (19456K), 3 survivors (3072K)
 Metaspace       used 36501K, committed 36864K, reserved 1081344K
  class space    used 4697K, committed 4864K, reserved 1048576K
}
Event: 9.508 GC heap after
{Heap after GC invocations=14 (full 0):
 garbage-first heap   total 62464K, used 32346K [0x000000008ac00000, 0x0000000100000000)
  region size 1024K, 3 young (3072K), 3 survivors (3072K)
 Metaspace       used 36501K, committed 36864K, reserved 1081344K
  class space    used 4697K, committed 4864K, reserved 1048576K
}
Event: 9.554 GC heap before
{Heap before GC invocations=14 (full 0):
 garbage-first heap   total 62464K, used 46682K [0x000000008ac00000, 0x0000000100000000)
  region size 1024K, 17 young (17408K), 3 survivors (3072K)
 Metaspace       used 36702K, committed 37056K, reserved 1081344K
  class space    used 4717K, committed 4864K, reserved 1048576K
}
Event: 9.559 GC heap after
{Heap after GC invocations=15 (full 0):
 garbage-first heap   total 62464K, used 35285K [0x000000008ac00000, 0x0000000100000000)
  region size 1024K, 3 young (3072K), 3 survivors (3072K)
 Metaspace       used 36702K, committed 37056K, reserved 1081344K
  class space    used 4717K, committed 4864K, reserved 1048576K
}
Event: 9.600 GC heap before
{Heap before GC invocations=16 (full 0):
 garbage-first heap   total 71680K, used 46549K [0x000000008ac00000, 0x0000000100000000)
  region size 1024K, 14 young (14336K), 3 survivors (3072K)
 Metaspace       used 36763K, committed 37120K, reserved 1081344K
  class space    used 4723K, committed 4864K, reserved 1048576K
}
Event: 9.607 GC heap after
{Heap after GC invocations=17 (full 0):
 garbage-first heap   total 97280K, used 39527K [0x000000008ac00000, 0x0000000100000000)
  region size 1024K, 2 young (2048K), 2 survivors (2048K)
 Metaspace       used 36763K, committed 37120K, reserved 1081344K
  class space    used 4723K, committed 4864K, reserved 1048576K
}
Event: 9.699 GC heap before
{Heap before GC invocations=17 (full 0):
 garbage-first heap   total 97280K, used 67175K [0x000000008ac00000, 0x0000000100000000)
  region size 1024K, 29 young (29696K), 2 survivors (2048K)
 Metaspace       used 37106K, committed 37376K, reserved 1081344K
  class space    used 4758K, committed 4864K, reserved 1048576K
}
Event: 9.706 GC heap after
{Heap after GC invocations=18 (full 0):
 garbage-first heap   total 97280K, used 44567K [0x000000008ac00000, 0x0000000100000000)
  region size 1024K, 4 young (4096K), 4 survivors (4096K)
 Metaspace       used 37106K, committed 37376K, reserved 1081344K
  class space    used 4758K, committed 4864K, reserved 1048576K
}
Event: 9.901 GC heap before
{Heap before GC invocations=18 (full 0):
 garbage-first heap   total 97280K, used 68119K [0x000000008ac00000, 0x0000000100000000)
  region size 1024K, 28 young (28672K), 4 survivors (4096K)
 Metaspace       used 38038K, committed 38336K, reserved 1089536K
  class space    used 4808K, committed 4928K, reserved 1048576K
}
Event: 9.909 GC heap after
{Heap after GC invocations=19 (full 0):
 garbage-first heap   total 97280K, used 51183K [0x000000008ac00000, 0x0000000100000000)
  region size 1024K, 4 young (4096K), 4 survivors (4096K)
 Metaspace       used 38038K, committed 38336K, reserved 1089536K
  class space    used 4808K, committed 4928K, reserved 1048576K
}
Event: 9.994 GC heap before
{Heap before GC invocations=19 (full 0):
 garbage-first heap   total 97280K, used 57327K [0x000000008ac00000, 0x0000000100000000)
  region size 1024K, 12 young (12288K), 4 survivors (4096K)
 Metaspace       used 38220K, committed 38528K, reserved 1089536K
  class space    used 4826K, committed 4928K, reserved 1048576K
}
Event: 9.998 GC heap after
{Heap after GC invocations=20 (full 0):
 garbage-first heap   total 97280K, used 51760K [0x000000008ac00000, 0x0000000100000000)
  region size 1024K, 2 young (2048K), 2 survivors (2048K)
 Metaspace       used 38220K, committed 38528K, reserved 1089536K
  class space    used 4826K, committed 4928K, reserved 1048576K
}
Event: 10.114 GC heap before
{Heap before GC invocations=21 (full 0):
 garbage-first heap   total 99328K, used 76336K [0x000000008ac00000, 0x0000000100000000)
  region size 1024K, 22 young (22528K), 2 survivors (2048K)
 Metaspace       used 38221K, committed 38528K, reserved 1089536K
  class space    used 4826K, committed 4928K, reserved 1048576K
}
Event: 10.125 GC heap after
{Heap after GC invocations=22 (full 0):
 garbage-first heap   total 99328K, used 66352K [0x000000008ac00000, 0x0000000100000000)
  region size 1024K, 3 young (3072K), 3 survivors (3072K)
 Metaspace       used 38221K, committed 38528K, reserved 1089536K
  class space    used 4826K, committed 4928K, reserved 1048576K
}
Event: 10.132 GC heap before
{Heap before GC invocations=22 (full 0):
 garbage-first heap   total 99328K, used 67376K [0x000000008ac00000, 0x0000000100000000)
  region size 1024K, 4 young (4096K), 3 survivors (3072K)
 Metaspace       used 38225K, committed 38528K, reserved 1089536K
  class space    used 4828K, committed 4928K, reserved 1048576K
}

