# JRE version: OpenJDK Runtime Environment Temurin-17.0.5+8 (17.0.5+8) (build 17.0.5+8)
# Java VM: OpenJDK 64-Bit Server VM Temurin-17.0.5+8 (17.0.5+8, mixed mode, emulated-client, tiered, compressed oops, compressed class ptrs, g1 gc, windows-amd64)
GC Precious Log:
 CPUs: 12 total, 12 available
 Memory: 7503M
 Large Page Support: Disabled
 NUMA Support: Disabled
 Compressed Oops: Enabled (32-bit)
 Heap Region Size: 1M
 Heap Min Capacity: 8M
 Heap Initial Capacity: 118M
 Heap Max Capacity: 1876M
 Pre-touch: Disabled
 Parallel Workers: 10
 Concurrent Workers: 3
 Concurrent Refinement Workers: 10
 Periodic GC: Disabled
Heap:
 garbage-first heap   total 144384K, used 69686K [0x000000008ac00000, 0x0000000100000000)
  region size 1024K, 3 young (3072K), 3 survivors (3072K)
 Metaspace       used 38211K, committed 38464K, reserved 1089536K
  class space    used 4825K, committed 4928K, reserved 1048576K
GC Heap History (20 events):
Event: 10.994 GC heap after
{Heap after GC invocations=10 (full 0):
 garbage-first heap   total 58368K, used 27282K [0x000000008ac00000, 0x0000000100000000)
  region size 1024K, 3 young (3072K), 3 survivors (3072K)
 Metaspace       used 35603K, committed 35968K, reserved 1081344K
  class space    used 4609K, committed 4736K, reserved 1048576K
}
Event: 11.029 GC heap before
{Heap before GC invocations=10 (full 0):
 garbage-first heap   total 58368K, used 30354K [0x000000008ac00000, 0x0000000100000000)
  region size 1024K, 8 young (8192K), 3 survivors (3072K)
 Metaspace       used 35694K, committed 35968K, reserved 1081344K
  class space    used 4624K, committed 4736K, reserved 1048576K
}
Event: 11.033 GC heap after
{Heap after GC invocations=11 (full 0):
 garbage-first heap   total 58368K, used 28676K [0x000000008ac00000, 0x0000000100000000)
  region size 1024K, 2 young (2048K), 2 survivors (2048K)
 Metaspace       used 35694K, committed 35968K, reserved 1081344K
  class space    used 4624K, committed 4736K, reserved 1048576K
}
Event: 11.114 GC heap before
{Heap before GC invocations=12 (full 0):
 garbage-first heap   total 58368K, used 41988K [0x000000008ac00000, 0x0000000100000000)
  region size 1024K, 15 young (15360K), 2 survivors (2048K)
 Metaspace       used 35721K, committed 36032K, reserved 1081344K
  class space    used 4628K, committed 4736K, reserved 1048576K
}
Event: 11.118 GC heap after
{Heap after GC invocations=13 (full 0):
 garbage-first heap   total 79872K, used 30740K [0x000000008ac00000, 0x0000000100000000)
  region size 1024K, 2 young (2048K), 2 survivors (2048K)
 Metaspace       used 35721K, committed 36032K, reserved 1081344K
  class space    used 4628K, committed 4736K, reserved 1048576K
}
Event: 11.272 GC heap before
{Heap before GC invocations=13 (full 0):
 garbage-first heap   total 79872K, used 56340K [0x000000008ac00000, 0x0000000100000000)
  region size 1024K, 27 young (27648K), 2 survivors (2048K)
 Metaspace       used 35721K, committed 36032K, reserved 1081344K
  class space    used 4628K, committed 4736K, reserved 1048576K
}
Event: 11.280 GC heap after
{Heap after GC invocations=14 (full 0):
 garbage-first heap   total 79872K, used 37315K [0x000000008ac00000, 0x0000000100000000)
  region size 1024K, 4 young (4096K), 4 survivors (4096K)
 Metaspace       used 35721K, committed 36032K, reserved 1081344K
  class space    used 4628K, committed 4736K, reserved 1048576K
}
Event: 11.346 GC heap before
{Heap before GC invocations=14 (full 0):
 garbage-first heap   total 79872K, used 56771K [0x000000008ac00000, 0x0000000100000000)
  region size 1024K, 23 young (23552K), 4 survivors (4096K)
 Metaspace       used 35721K, committed 36032K, reserved 1081344K
  class space    used 4628K, committed 4736K, reserved 1048576K
}
Event: 11.352 GC heap after
{Heap after GC invocations=15 (full 0):
 garbage-first heap   total 79872K, used 42269K [0x000000008ac00000, 0x0000000100000000)
  region size 1024K, 3 young (3072K), 3 survivors (3072K)
 Metaspace       used 35721K, committed 36032K, reserved 1081344K
  class space    used 4628K, committed 4736K, reserved 1048576K
}
Event: 11.404 GC heap before
{Heap before GC invocations=15 (full 0):
 garbage-first heap   total 79872K, used 59677K [0x000000008ac00000, 0x0000000100000000)
  region size 1024K, 20 young (20480K), 3 survivors (3072K)
 Metaspace       used 35722K, committed 36032K, reserved 1081344K
  class space    used 4628K, committed 4736K, reserved 1048576K
}
Event: 11.410 GC heap after
{Heap after GC invocations=16 (full 0):
 garbage-first heap   total 79872K, used 45657K [0x000000008ac00000, 0x0000000100000000)
  region size 1024K, 3 young (3072K), 3 survivors (3072K)
 Metaspace       used 35722K, committed 36032K, reserved 1081344K
  class space    used 4628K, committed 4736K, reserved 1048576K
}
Event: 11.706 GC heap before
{Heap before GC invocations=17 (full 0):
 garbage-first heap   total 91136K, used 61017K [0x000000008ac00000, 0x0000000100000000)
  region size 1024K, 18 young (18432K), 3 survivors (3072K)
 Metaspace       used 36351K, committed 36672K, reserved 1081344K
  class space    used 4685K, committed 4800K, reserved 1048576K
}
Event: 11.714 GC heap after
{Heap after GC invocations=18 (full 0):
 garbage-first heap   total 144384K, used 48692K [0x000000008ac00000, 0x0000000100000000)
  region size 1024K, 3 young (3072K), 3 survivors (3072K)
 Metaspace       used 36351K, committed 36672K, reserved 1081344K
  class space    used 4685K, committed 4800K, reserved 1048576K
}
Event: 11.802 GC heap before
{Heap before GC invocations=18 (full 0):
 garbage-first heap   total 144384K, used 52788K [0x000000008ac00000, 0x0000000100000000)
  region size 1024K, 7 young (7168K), 3 survivors (3072K)
 Metaspace       used 36571K, committed 36928K, reserved 1081344K
  class space    used 4706K, committed 4864K, reserved 1048576K
}
Event: 11.805 GC heap after
{Heap after GC invocations=19 (full 0):
 garbage-first heap   total 144384K, used 49617K [0x000000008ac00000, 0x0000000100000000)
  region size 1024K, 1 young (1024K), 1 survivors (1024K)
 Metaspace       used 36571K, committed 36928K, reserved 1081344K
  class space    used 4706K, committed 4864K, reserved 1048576K
}
Event: 12.236 GC heap before
{Heap before GC invocations=19 (full 0):
 garbage-first heap   total 144384K, used 96721K [0x000000008ac00000, 0x0000000100000000)
  region size 1024K, 46 young (47104K), 1 survivors (1024K)
 Metaspace       used 37905K, committed 38208K, reserved 1089536K
  class space    used 4805K, committed 4928K, reserved 1048576K
}
Event: 12.314 GC heap after
{Heap after GC invocations=20 (full 0):
 garbage-first heap   total 144384K, used 65951K [0x000000008ac00000, 0x0000000100000000)
  region size 1024K, 6 young (6144K), 6 survivors (6144K)
 Metaspace       used 37905K, committed 38208K, reserved 1089536K
  class space    used 4805K, committed 4928K, reserved 1048576K
}
Event: 12.391 GC heap before
{Heap before GC invocations=20 (full 0):
 garbage-first heap   total 144384K, used 97695K [0x000000008ac00000, 0x0000000100000000)
  region size 1024K, 38 young (38912K), 6 survivors (6144K)
 Metaspace       used 38019K, committed 38336K, reserved 1089536K
  class space    used 4813K, committed 4928K, reserved 1048576K
}
Event: 12.405 GC heap after
{Heap after GC invocations=21 (full 0):
 garbage-first heap   total 144384K, used 68845K [0x000000008ac00000, 0x0000000100000000)
  region size 1024K, 3 young (3072K), 3 survivors (3072K)
 Metaspace       used 38019K, committed 38336K, reserved 1089536K
  class space    used 4813K, committed 4928K, reserved 1048576K
}
Event: 12.434 GC heap before
{Heap before GC invocations=21 (full 0):
 garbage-first heap   total 144384K, used 101613K [0x000000008ac00000, 0x0000000100000000)
  region size 1024K, 36 young (36864K), 3 survivors (3072K)
 Metaspace       used 38211K, committed 38464K, reserved 1089536K
  class space    used 4825K, committed 4928K, reserved 1048576K
}

