# JRE version: OpenJDK Runtime Environment Temurin-17.0.5+8 (17.0.5+8) (build 17.0.5+8)
# Java VM: OpenJDK 64-Bit Server VM Temurin-17.0.5+8 (17.0.5+8, mixed mode, emulated-client, tiered, compressed oops, compressed class ptrs, g1 gc, windows-amd64)
GC Precious Log:
 CPUs: 12 total, 12 available
 Memory: 7503M
 Large Page Support: Disabled
 NUMA Support: Disabled
 Compressed Oops: Enabled (32-bit)
 Heap Region Size: 1M
 Heap Min Capacity: 8M
 Heap Initial Capacity: 118M
 Heap Max Capacity: 1876M
 Pre-touch: Disabled
 Parallel Workers: 10
 Concurrent Workers: 3
 Concurrent Refinement Workers: 10
 Periodic GC: Disabled
Heap:
 garbage-first heap   total 133120K, used 39045K [0x000000008ac00000, 0x0000000100000000)
  region size 1024K, 1 young (1024K), 0 survivors (0K)
 Metaspace       used 60492K, committed 61120K, reserved 1105920K
  class space    used 8196K, committed 8448K, reserved 1048576K
GC Heap History (20 events):
Event: 449.720 GC heap before
{Heap before GC invocations=57 (full 21):
 garbage-first heap   total 133120K, used 39044K [0x000000008ac00000, 0x0000000100000000)
  region size 1024K, 1 young (1024K), 0 survivors (0K)
 Metaspace       used 60492K, committed 61120K, reserved 1105920K
  class space    used 8196K, committed 8448K, reserved 1048576K
}
Event: 449.792 GC heap after
{Heap after GC invocations=58 (full 22):
 garbage-first heap   total 133120K, used 39044K [0x000000008ac00000, 0x0000000100000000)
  region size 1024K, 0 young (0K), 0 survivors (0K)
 Metaspace       used 60492K, committed 61120K, reserved 1105920K
  class space    used 8196K, committed 8448K, reserved 1048576K
}
Event: 460.127 GC heap before
{Heap before GC invocations=58 (full 22):
 garbage-first heap   total 133120K, used 39044K [0x000000008ac00000, 0x0000000100000000)
  region size 1024K, 1 young (1024K), 0 survivors (0K)
 Metaspace       used 60492K, committed 61120K, reserved 1105920K
  class space    used 8196K, committed 8448K, reserved 1048576K
}
Event: 460.172 GC heap after
{Heap after GC invocations=59 (full 23):
 garbage-first heap   total 133120K, used 39044K [0x000000008ac00000, 0x0000000100000000)
  region size 1024K, 0 young (0K), 0 survivors (0K)
 Metaspace       used 60492K, committed 61120K, reserved 1105920K
  class space    used 8196K, committed 8448K, reserved 1048576K
}
Event: 470.532 GC heap before
{Heap before GC invocations=59 (full 23):
 garbage-first heap   total 133120K, used 39044K [0x000000008ac00000, 0x0000000100000000)
  region size 1024K, 1 young (1024K), 0 survivors (0K)
 Metaspace       used 60492K, committed 61120K, reserved 1105920K
  class space    used 8196K, committed 8448K, reserved 1048576K
}
Event: 470.567 GC heap after
{Heap after GC invocations=60 (full 24):
 garbage-first heap   total 133120K, used 39044K [0x000000008ac00000, 0x0000000100000000)
  region size 1024K, 0 young (0K), 0 survivors (0K)
 Metaspace       used 60492K, committed 61120K, reserved 1105920K
  class space    used 8196K, committed 8448K, reserved 1048576K
}
Event: 480.872 GC heap before
{Heap before GC invocations=60 (full 24):
 garbage-first heap   total 133120K, used 39044K [0x000000008ac00000, 0x0000000100000000)
  region size 1024K, 1 young (1024K), 0 survivors (0K)
 Metaspace       used 60492K, committed 61120K, reserved 1105920K
  class space    used 8196K, committed 8448K, reserved 1048576K
}
Event: 480.910 GC heap after
{Heap after GC invocations=61 (full 25):
 garbage-first heap   total 133120K, used 39044K [0x000000008ac00000, 0x0000000100000000)
  region size 1024K, 0 young (0K), 0 survivors (0K)
 Metaspace       used 60492K, committed 61120K, reserved 1105920K
  class space    used 8196K, committed 8448K, reserved 1048576K
}
Event: 491.193 GC heap before
{Heap before GC invocations=61 (full 25):
 garbage-first heap   total 133120K, used 39044K [0x000000008ac00000, 0x0000000100000000)
  region size 1024K, 1 young (1024K), 0 survivors (0K)
 Metaspace       used 60492K, committed 61120K, reserved 1105920K
  class space    used 8196K, committed 8448K, reserved 1048576K
}
Event: 491.228 GC heap after
{Heap after GC invocations=62 (full 26):
 garbage-first heap   total 133120K, used 39045K [0x000000008ac00000, 0x0000000100000000)
  region size 1024K, 0 young (0K), 0 survivors (0K)
 Metaspace       used 60492K, committed 61120K, reserved 1105920K
  class space    used 8196K, committed 8448K, reserved 1048576K
}
Event: 501.929 GC heap before
{Heap before GC invocations=62 (full 26):
 garbage-first heap   total 133120K, used 39045K [0x000000008ac00000, 0x0000000100000000)
  region size 1024K, 1 young (1024K), 0 survivors (0K)
 Metaspace       used 60492K, committed 61120K, reserved 1105920K
  class space    used 8196K, committed 8448K, reserved 1048576K
}
Event: 502.031 GC heap after
{Heap after GC invocations=63 (full 27):
 garbage-first heap   total 133120K, used 39045K [0x000000008ac00000, 0x0000000100000000)
  region size 1024K, 0 young (0K), 0 survivors (0K)
 Metaspace       used 60492K, committed 61120K, reserved 1105920K
  class space    used 8196K, committed 8448K, reserved 1048576K
}
Event: 512.411 GC heap before
{Heap before GC invocations=63 (full 27):
 garbage-first heap   total 133120K, used 39045K [0x000000008ac00000, 0x0000000100000000)
  region size 1024K, 1 young (1024K), 0 survivors (0K)
 Metaspace       used 60492K, committed 61120K, reserved 1105920K
  class space    used 8196K, committed 8448K, reserved 1048576K
}
Event: 512.470 GC heap after
{Heap after GC invocations=64 (full 28):
 garbage-first heap   total 133120K, used 39045K [0x000000008ac00000, 0x0000000100000000)
  region size 1024K, 0 young (0K), 0 survivors (0K)
 Metaspace       used 60492K, committed 61120K, reserved 1105920K
  class space    used 8196K, committed 8448K, reserved 1048576K
}
Event: 522.837 GC heap before
{Heap before GC invocations=64 (full 28):
 garbage-first heap   total 133120K, used 39045K [0x000000008ac00000, 0x0000000100000000)
  region size 1024K, 1 young (1024K), 0 survivors (0K)
 Metaspace       used 60492K, committed 61120K, reserved 1105920K
  class space    used 8196K, committed 8448K, reserved 1048576K
}
Event: 522.878 GC heap after
{Heap after GC invocations=65 (full 29):
 garbage-first heap   total 133120K, used 39045K [0x000000008ac00000, 0x0000000100000000)
  region size 1024K, 0 young (0K), 0 survivors (0K)
 Metaspace       used 60492K, committed 61120K, reserved 1105920K
  class space    used 8196K, committed 8448K, reserved 1048576K
}
Event: 533.229 GC heap before
{Heap before GC invocations=65 (full 29):
 garbage-first heap   total 133120K, used 39045K [0x000000008ac00000, 0x0000000100000000)
  region size 1024K, 1 young (1024K), 0 survivors (0K)
 Metaspace       used 60492K, committed 61120K, reserved 1105920K
  class space    used 8196K, committed 8448K, reserved 1048576K
}
Event: 533.270 GC heap after
{Heap after GC invocations=66 (full 30):
 garbage-first heap   total 133120K, used 39045K [0x000000008ac00000, 0x0000000100000000)
  region size 1024K, 0 young (0K), 0 survivors (0K)
 Metaspace       used 60492K, committed 61120K, reserved 1105920K
  class space    used 8196K, committed 8448K, reserved 1048576K
}
Event: 543.801 GC heap before
{Heap before GC invocations=66 (full 30):
 garbage-first heap   total 133120K, used 39045K [0x000000008ac00000, 0x0000000100000000)
  region size 1024K, 1 young (1024K), 0 survivors (0K)
 Metaspace       used 60492K, committed 61120K, reserved 1105920K
  class space    used 8196K, committed 8448K, reserved 1048576K
}
Event: 543.906 GC heap after
{Heap after GC invocations=67 (full 31):
 garbage-first heap   total 133120K, used 39045K [0x000000008ac00000, 0x0000000100000000)
  region size 1024K, 0 young (0K), 0 survivors (0K)
 Metaspace       used 60492K, committed 61120K, reserved 1105920K
  class space    used 8196K, committed 8448K, reserved 1048576K
}

